0 info it worked if it ends with ok
1 verbose cli [ '/usr/local/bin/node',
1 verbose cli   '/usr/local/bin/npm',
1 verbose cli   'install',
1 verbose cli   '--save',
1 verbose cli   'PolymerElements/iron-media-query' ]
2 info using npm@3.10.10
3 info using node@v6.9.2
4 silly loadCurrentTree Starting
5 silly install loadCurrentTree
6 silly install readLocalPackageData
7 silly fetchPackageMetaData PolymerElements/iron-media-query
8 silly fetchOtherPackageData PolymerElements/iron-media-query
9 silly cache add args [ 'PolymerElements/iron-media-query', null ]
10 verbose cache add spec PolymerElements/iron-media-query
11 silly cache add parsed spec Result {
11 silly cache add   raw: 'PolymerElements/iron-media-query',
11 silly cache add   scope: null,
11 silly cache add   escapedName: null,
11 silly cache add   name: null,
11 silly cache add   rawSpec: 'PolymerElements/iron-media-query',
11 silly cache add   spec: 'github:polymerelements/iron-media-query',
11 silly cache add   type: 'hosted',
11 silly cache add   hosted:
11 silly cache add    { type: 'github',
11 silly cache add      ssh: 'git@github.com:polymerelements/iron-media-query.git',
11 silly cache add      sshUrl: 'git+ssh://git@github.com/polymerelements/iron-media-query.git',
11 silly cache add      httpsUrl: 'git+https://github.com/polymerelements/iron-media-query.git',
11 silly cache add      gitUrl: 'git://github.com/polymerelements/iron-media-query.git',
11 silly cache add      shortcut: 'github:polymerelements/iron-media-query',
11 silly cache add      directUrl: 'https://raw.githubusercontent.com/polymerelements/iron-media-query/master/package.json' } }
12 verbose addRemoteGit caching PolymerElements/iron-media-query
13 verbose addRemoteGit polymerelements/iron-media-query is a repository hosted by github
14 silly tryGitProto attempting to clone git://github.com/polymerelements/iron-media-query.git
15 silly tryClone cloning polymerelements/iron-media-query via git://github.com/polymerelements/iron-media-query.git
16 verbose tryClone git-github-com-polymerelements-iron-media-query-git-c3299fd3 not in flight; caching
17 verbose correctMkdir /Users/Dion/.npm/_git-remotes correctMkdir not in flight; initializing
18 info git [ 'config', '--get', 'remote.origin.url' ]
19 silly validateExistingRemote polymerelements/iron-media-query remote.origin.url: git://github.com/polymerelements/iron-media-query.git
20 verbose validateExistingRemote polymerelements/iron-media-query is updating existing cached remote /Users/Dion/.npm/_git-remotes/git-github-com-polymerelements-iron-media-query-git-c3299fd3
21 info git [ 'fetch', '-a', 'origin' ]
22 verbose updateRemote git fetch -a origin (git://github.com/polymerelements/iron-media-query.git)
23 verbose correctMkdir /Users/Dion/.npm/_git-remotes correctMkdir not in flight; initializing
24 verbose setPermissions polymerelements/iron-media-query set permissions on /Users/Dion/.npm/_git-remotes/git-github-com-polymerelements-iron-media-query-git-c3299fd3
25 verbose resolveHead polymerelements/iron-media-query original treeish: master
26 info git [ 'rev-list', '-n1', 'master' ]
27 silly resolveHead polymerelements/iron-media-query resolved treeish: 64a39bc0c25a87eac4548762d0cbaa96546703a7
28 verbose resolveHead polymerelements/iron-media-query resolved Git URL: git://github.com/polymerelements/iron-media-query.git#64a39bc0c25a87eac4548762d0cbaa96546703a7
29 silly resolveHead Git working directory: /var/folders/tb/jkrggzk941x24m8w1njh6m0w0000gn/T/npm-17531-d41af162/git-cache-3970c5d6/64a39bc0c25a87eac4548762d0cbaa96546703a7
30 info git [ 'clone',
30 info git   '/Users/Dion/.npm/_git-remotes/git-github-com-polymerelements-iron-media-query-git-c3299fd3',
30 info git   '/var/folders/tb/jkrggzk941x24m8w1njh6m0w0000gn/T/npm-17531-d41af162/git-cache-3970c5d6/64a39bc0c25a87eac4548762d0cbaa96546703a7' ]
31 verbose cloneResolved polymerelements/iron-media-query clone Cloning into '/var/folders/tb/jkrggzk941x24m8w1njh6m0w0000gn/T/npm-17531-d41af162/git-cache-3970c5d6/64a39bc0c25a87eac4548762d0cbaa96546703a7'...
31 verbose cloneResolved done.
32 info git [ 'checkout', '64a39bc0c25a87eac4548762d0cbaa96546703a7' ]
33 verbose checkoutTreeish polymerelements/iron-media-query checkout Note: checking out '64a39bc0c25a87eac4548762d0cbaa96546703a7'.
33 verbose checkoutTreeish
33 verbose checkoutTreeish You are in 'detached HEAD' state. You can look around, make experimental
33 verbose checkoutTreeish changes and commit them, and you can discard any commits you make in this
33 verbose checkoutTreeish state without impacting any branches by performing another checkout.
33 verbose checkoutTreeish
33 verbose checkoutTreeish If you want to create a new branch to retain commits you create, you may
33 verbose checkoutTreeish do so (now or later) by using -b with the checkout command again. Example:
33 verbose checkoutTreeish
33 verbose checkoutTreeish   git checkout -b <new-branch-name>
33 verbose checkoutTreeish
33 verbose checkoutTreeish HEAD is now at 64a39bc... Update travis config
34 info git [ 'submodule', '-q', 'update', '--init', '--recursive' ]
35 verbose updateSubmodules polymerelements/iron-media-query submodule update
36 error addLocal Could not install /var/folders/tb/jkrggzk941x24m8w1njh6m0w0000gn/T/npm-17531-d41af162/git-cache-3970c5d6/64a39bc0c25a87eac4548762d0cbaa96546703a7
37 silly tryHTTPS attempting to clone git+https://github.com/polymerelements/iron-media-query.git
38 silly tryClone cloning polymerelements/iron-media-query via git+https://github.com/polymerelements/iron-media-query.git
39 verbose tryClone git-https-github-com-polymerelements-iron-media-query-git-04b6f1a4 not in flight; caching
40 verbose correctMkdir /Users/Dion/.npm/_git-remotes correctMkdir not in flight; initializing
41 info git [ 'config', '--get', 'remote.origin.url' ]
42 silly validateExistingRemote polymerelements/iron-media-query remote.origin.url: https://github.com/polymerelements/iron-media-query.git
43 verbose validateExistingRemote polymerelements/iron-media-query is updating existing cached remote /Users/Dion/.npm/_git-remotes/git-https-github-com-polymerelements-iron-media-query-git-04b6f1a4
44 info git [ 'fetch', '-a', 'origin' ]
45 verbose updateRemote git fetch -a origin (https://github.com/polymerelements/iron-media-query.git)
46 verbose correctMkdir /Users/Dion/.npm/_git-remotes correctMkdir not in flight; initializing
47 verbose setPermissions polymerelements/iron-media-query set permissions on /Users/Dion/.npm/_git-remotes/git-https-github-com-polymerelements-iron-media-query-git-04b6f1a4
48 verbose resolveHead polymerelements/iron-media-query original treeish: master
49 info git [ 'rev-list', '-n1', 'master' ]
50 silly resolveHead polymerelements/iron-media-query resolved treeish: 64a39bc0c25a87eac4548762d0cbaa96546703a7
51 verbose resolveHead polymerelements/iron-media-query resolved Git URL: git+https://github.com/polymerelements/iron-media-query.git#64a39bc0c25a87eac4548762d0cbaa96546703a7
52 silly resolveHead Git working directory: /var/folders/tb/jkrggzk941x24m8w1njh6m0w0000gn/T/npm-17531-d41af162/git-cache-fa94efea/64a39bc0c25a87eac4548762d0cbaa96546703a7
53 info git [ 'clone',
53 info git   '/Users/Dion/.npm/_git-remotes/git-https-github-com-polymerelements-iron-media-query-git-04b6f1a4',
53 info git   '/var/folders/tb/jkrggzk941x24m8w1njh6m0w0000gn/T/npm-17531-d41af162/git-cache-fa94efea/64a39bc0c25a87eac4548762d0cbaa96546703a7' ]
54 verbose cloneResolved polymerelements/iron-media-query clone Cloning into '/var/folders/tb/jkrggzk941x24m8w1njh6m0w0000gn/T/npm-17531-d41af162/git-cache-fa94efea/64a39bc0c25a87eac4548762d0cbaa96546703a7'...
54 verbose cloneResolved done.
55 info git [ 'checkout', '64a39bc0c25a87eac4548762d0cbaa96546703a7' ]
56 verbose checkoutTreeish polymerelements/iron-media-query checkout Note: checking out '64a39bc0c25a87eac4548762d0cbaa96546703a7'.
56 verbose checkoutTreeish
56 verbose checkoutTreeish You are in 'detached HEAD' state. You can look around, make experimental
56 verbose checkoutTreeish changes and commit them, and you can discard any commits you make in this
56 verbose checkoutTreeish state without impacting any branches by performing another checkout.
56 verbose checkoutTreeish
56 verbose checkoutTreeish If you want to create a new branch to retain commits you create, you may
56 verbose checkoutTreeish do so (now or later) by using -b with the checkout command again. Example:
56 verbose checkoutTreeish
56 verbose checkoutTreeish   git checkout -b <new-branch-name>
56 verbose checkoutTreeish
56 verbose checkoutTreeish HEAD is now at 64a39bc... Update travis config
57 info git [ 'submodule', '-q', 'update', '--init', '--recursive' ]
58 verbose updateSubmodules polymerelements/iron-media-query submodule update
59 error addLocal Could not install /var/folders/tb/jkrggzk941x24m8w1njh6m0w0000gn/T/npm-17531-d41af162/git-cache-fa94efea/64a39bc0c25a87eac4548762d0cbaa96546703a7
60 silly trySSH attempting to clone git@github.com:polymerelements/iron-media-query.git
61 silly tryClone cloning polymerelements/iron-media-query via git@github.com:polymerelements/iron-media-query.git
62 verbose tryClone git-github-com-polymerelements-iron-media-query-git-d3bbf397 not in flight; caching
63 verbose correctMkdir /Users/Dion/.npm/_git-remotes correctMkdir not in flight; initializing
64 info git [ 'config', '--get', 'remote.origin.url' ]
65 silly validateExistingRemote polymerelements/iron-media-query remote.origin.url: git@github.com:polymerelements/iron-media-query.git
66 verbose validateExistingRemote polymerelements/iron-media-query is updating existing cached remote /Users/Dion/.npm/_git-remotes/git-github-com-polymerelements-iron-media-query-git-d3bbf397
67 info git [ 'fetch', '-a', 'origin' ]
68 verbose updateRemote git fetch -a origin (git@github.com:polymerelements/iron-media-query.git)
69 verbose correctMkdir /Users/Dion/.npm/_git-remotes correctMkdir not in flight; initializing
70 verbose setPermissions polymerelements/iron-media-query set permissions on /Users/Dion/.npm/_git-remotes/git-github-com-polymerelements-iron-media-query-git-d3bbf397
71 verbose resolveHead polymerelements/iron-media-query original treeish: master
72 info git [ 'rev-list', '-n1', 'master' ]
73 silly resolveHead polymerelements/iron-media-query resolved treeish: 64a39bc0c25a87eac4548762d0cbaa96546703a7
74 verbose resolveHead polymerelements/iron-media-query resolved Git URL: git+ssh://git@github.com/polymerelements/iron-media-query.git#64a39bc0c25a87eac4548762d0cbaa96546703a7
75 silly resolveHead Git working directory: /var/folders/tb/jkrggzk941x24m8w1njh6m0w0000gn/T/npm-17531-d41af162/git-cache-d9a0e57c/64a39bc0c25a87eac4548762d0cbaa96546703a7
76 info git [ 'clone',
76 info git   '/Users/Dion/.npm/_git-remotes/git-github-com-polymerelements-iron-media-query-git-d3bbf397',
76 info git   '/var/folders/tb/jkrggzk941x24m8w1njh6m0w0000gn/T/npm-17531-d41af162/git-cache-d9a0e57c/64a39bc0c25a87eac4548762d0cbaa96546703a7' ]
77 verbose cloneResolved polymerelements/iron-media-query clone Cloning into '/var/folders/tb/jkrggzk941x24m8w1njh6m0w0000gn/T/npm-17531-d41af162/git-cache-d9a0e57c/64a39bc0c25a87eac4548762d0cbaa96546703a7'...
77 verbose cloneResolved done.
78 info git [ 'checkout', '64a39bc0c25a87eac4548762d0cbaa96546703a7' ]
79 verbose checkoutTreeish polymerelements/iron-media-query checkout Note: checking out '64a39bc0c25a87eac4548762d0cbaa96546703a7'.
79 verbose checkoutTreeish
79 verbose checkoutTreeish You are in 'detached HEAD' state. You can look around, make experimental
79 verbose checkoutTreeish changes and commit them, and you can discard any commits you make in this
79 verbose checkoutTreeish state without impacting any branches by performing another checkout.
79 verbose checkoutTreeish
79 verbose checkoutTreeish If you want to create a new branch to retain commits you create, you may
79 verbose checkoutTreeish do so (now or later) by using -b with the checkout command again. Example:
79 verbose checkoutTreeish
79 verbose checkoutTreeish   git checkout -b <new-branch-name>
79 verbose checkoutTreeish
79 verbose checkoutTreeish HEAD is now at 64a39bc... Update travis config
80 info git [ 'submodule', '-q', 'update', '--init', '--recursive' ]
81 verbose updateSubmodules polymerelements/iron-media-query submodule update
82 error addLocal Could not install /var/folders/tb/jkrggzk941x24m8w1njh6m0w0000gn/T/npm-17531-d41af162/git-cache-d9a0e57c/64a39bc0c25a87eac4548762d0cbaa96546703a7
83 silly fetchPackageMetaData Error: EISDIR: illegal operation on a directory, read
83 silly fetchPackageMetaData     at Error (native)
83 silly fetchPackageMetaData  error for PolymerElements/iron-media-query { Error: EISDIR: illegal operation on a directory, read
83 silly fetchPackageMetaData     at Error (native) errno: -21, code: 'EISDIR', syscall: 'read' }
84 silly rollbackFailedOptional Starting
85 silly rollbackFailedOptional Finishing
86 silly runTopLevelLifecycles Finishing
87 silly install printInstalled
88 verbose stack Error: EISDIR: illegal operation on a directory, read
88 verbose stack     at Error (native)
89 verbose cwd /Users/Dion/git/V2TODSS-16
90 error Darwin 16.5.0
91 error argv "/usr/local/bin/node" "/usr/local/bin/npm" "install" "--save" "PolymerElements/iron-media-query"
92 error node v6.9.2
93 error npm  v3.10.10
94 error code EISDIR
95 error errno -21
96 error syscall read
97 error eisdir EISDIR: illegal operation on a directory, read
98 error eisdir This is most likely not a problem with npm itself
98 error eisdir and is related to npm not being able to find a package.json in
98 error eisdir a package you are trying to install.
99 verbose exit [ -21, true ]
